# JRE version: Java(TM) SE Runtime Environment 18.9 (11.0.10+8) (build 11.0.10+8-LTS-162)
# Java VM: Java HotSpot(TM) 64-Bit Server VM 18.9 (11.0.10+8-LTS-162, mixed mode, tiered, compressed oops, g1 gc, windows-amd64)
Heap:
 garbage-first heap   total 102400K, used 15346K [0x00000000c3200000, 0x0000000100000000)
  region size 1024K, 5 young (5120K), 5 survivors (5120K)
 Metaspace       used 33765K, capacity 34765K, committed 34944K, reserved 1079296K
  class space    used 3979K, capacity 4366K, committed 4480K, reserved 1048576K
GC Heap History (10 events):
Event: 10.387 GC heap after
{Heap after GC invocations=6 (full 0):
 garbage-first heap   total 63488K, used 10336K [0x00000000c3200000, 0x0000000100000000)
  region size 1024K, 3 young (3072K), 3 survivors (3072K)
 Metaspace       used 20555K, capacity 21183K, committed 21248K, reserved 1069056K
  class space    used 2260K, capacity 2528K, committed 2560K, reserved 1048576K
}
Event: 13.639 GC heap before
{Heap before GC invocations=7 (full 0):
 garbage-first heap   total 63488K, used 40032K [0x00000000c3200000, 0x0000000100000000)
  region size 1024K, 33 young (33792K), 3 survivors (3072K)
 Metaspace       used 25101K, capacity 25892K, committed 26240K, reserved 1073152K
  class space    used 2793K, capacity 3079K, committed 3200K, reserved 1048576K
}
Event: 13.726 GC heap after
{Heap after GC invocations=8 (full 0):
 garbage-first heap   total 76800K, used 11064K [0x00000000c3200000, 0x0000000100000000)
  region size 1024K, 4 young (4096K), 4 survivors (4096K)
 Metaspace       used 25101K, capacity 25892K, committed 26240K, reserved 1073152K
  class space    used 2793K, capacity 3079K, committed 3200K, reserved 1048576K
}
Event: 15.385 GC heap before
{Heap before GC invocations=8 (full 0):
 garbage-first heap   total 76800K, used 45880K [0x00000000c3200000, 0x0000000100000000)
  region size 1024K, 38 young (38912K), 4 survivors (4096K)
 Metaspace       used 27684K, capacity 28461K, committed 28544K, reserved 1075200K
  class space    used 3128K, capacity 3443K, committed 3456K, reserved 1048576K
}
Event: 15.439 GC heap after
{Heap after GC invocations=9 (full 0):
 garbage-first heap   total 76800K, used 12495K [0x00000000c3200000, 0x0000000100000000)
  region size 1024K, 4 young (4096K), 4 survivors (4096K)
 Metaspace       used 27684K, capacity 28461K, committed 28544K, reserved 1075200K
  class space    used 3128K, capacity 3443K, committed 3456K, reserved 1048576K
}
Event: 16.395 GC heap before
{Heap before GC invocations=9 (full 0):
 garbage-first heap   total 76800K, used 51407K [0x00000000c3200000, 0x0000000100000000)
  region size 1024K, 43 young (44032K), 4 survivors (4096K)
 Metaspace       used 28065K, capacity 28906K, committed 29184K, reserved 1075200K
  class space    used 3166K, capacity 3483K, committed 3584K, reserved 1048576K
}
Event: 16.458 GC heap after
{Heap after GC invocations=10 (full 0):
 garbage-first heap   total 76800K, used 13201K [0x00000000c3200000, 0x0000000100000000)
  region size 1024K, 3 young (3072K), 3 survivors (3072K)
 Metaspace       used 28065K, capacity 28906K, committed 29184K, reserved 1075200K
  class space    used 3166K, capacity 3483K, committed 3584K, reserved 1048576K
}
Event: 18.520 GC heap before
{Heap before GC invocations=10 (full 0):
 garbage-first heap   total 76800K, used 54161K [0x00000000c3200000, 0x0000000100000000)
  region size 1024K, 44 young (45056K), 3 survivors (3072K)
 Metaspace       used 30223K, capacity 31111K, committed 31232K, reserved 1077248K
  class space    used 3415K, capacity 3793K, committed 3840K, reserved 1048576K
}
Event: 18.568 GC heap after
{Heap after GC invocations=11 (full 0):
 garbage-first heap   total 76800K, used 14196K [0x00000000c3200000, 0x0000000100000000)
  region size 1024K, 4 young (4096K), 4 survivors (4096K)
 Metaspace       used 30223K, capacity 31111K, committed 31232K, reserved 1077248K
  class space    used 3415K, capacity 3793K, committed 3840K, reserved 1048576K
}
Event: 22.104 GC heap before
{Heap before GC invocations=11 (full 0):
 garbage-first heap   total 76800K, used 56180K [0x00000000c3200000, 0x0000000100000000)
  region size 1024K, 45 young (46080K), 4 survivors (4096K)
 Metaspace       used 33765K, capacity 34765K, committed 34944K, reserved 1079296K
  class space    used 3979K, capacity 4366K, committed 4480K, reserved 1048576K
}

